2020-11-10 00:49:00 - Cannot execute queries while other unbuffered queries are active.  Consider using PDOStatement::fetchAll().  Alternatively, if your code is only ever going to run against mysql, you may enable query buffering by setting the PDO::MYSQL_ATTR_USE_BUFFERED_QUERY attribute. with: 'SELECT @full_error AS error' in /var/www/html/NBack/App/DB/DB.php at 102
2020-11-10 00:49:00- Code: 0- Msg:  ,  with: 'CALL exportSession(:userId, :ip, :level, :correctHit, :wrongHit, :sessionLength, :gameMode, :result)' in /var/www/html/NBack/App/DB/DB.php at 149
2020-11-10 00:52:32 - Cannot execute queries while other unbuffered queries are active.  Consider using PDOStatement::fetchAll().  Alternatively, if your code is only ever going to run against mysql, you may enable query buffering by setting the PDO::MYSQL_ATTR_USE_BUFFERED_QUERY attribute. with: 'SELECT @full_error AS error' in /var/www/html/NBack/App/DB/DB.php at 102
2020-11-10 00:52:32- Code: 0- Msg:  ,  with: 'CALL exportSession(:userId, :ip, :level, :correctHit, :wrongHit, :sessionLength, :gameMode, :wrongSessions)' in /var/www/html/NBack/App/DB/DB.php at 149
2020-11-10 01:00:35- Code: 0- Msg:  ,  with: 'Set @full_error = ''' in /var/www/html/NBack/App/DB/DB.php at 151
2020-11-10 01:00:46- Code: 0- Msg:  ,  with: 'Set @full_error = ''' in /var/www/html/NBack/App/DB/DB.php at 151
2020-11-10 01:03:34- Code: 0- Msg:  ,  with: 'Set @full_error = ''' in /var/www/html/NBack/App/DB/DB.php at 150
2020-11-10 01:03:58- Code: 0- Msg:  ,  with: 'Set @full_error = ''' in /var/www/html/NBack/App/DB/DB.php at 150
2020-11-10 01:04:12- Code: 0- Msg:  ,  with: 'Set @full_error = ''' in /var/www/html/NBack/App/DB/DB.php at 150
2020-11-10 01:04:22- Code: 0- Msg:  ,  with: 'Set @full_error = ''' in /var/www/html/NBack/App/DB/DB.php at 150
2020-11-10 01:04:49- Code: 0- Msg:  ,  with: 'Set @full_error = ''' in /var/www/html/NBack/App/DB/DB.php at 153
2020-11-10 01:04:52- Code: 0- Msg:  ,  with: 'Set @full_error = ''' in /var/www/html/NBack/App/DB/DB.php at 153
2020-11-10 01:07:15- Code: 0- Msg:  ,  with: 'CALL exportSession(:userId, :ip, :level, :correctHit, :wrongHit, :sessionLength, :gameMode, :wrongSessions)' in /var/www/html/NBack/App/DB/DB.php at 151
2020-11-10 01:10:07- Code: 0- Msg:  ,  with: 'CALL exportSession(:userId, :ip, :level, :correctHit, :wrongHit, :sessionLength, :gameMode, :wrongSessions)' in /var/www/html/NBack/App/DB/DB.php at 151
2020-11-10 01:16:39- Code: 0- Msg:  ,  with: 'CALL exportSession(:userId, :ip, :level, :correctHit, :wrongHit, :sessionLength, :gameMode, :wrongSessions)' in /var/www/html/NBack/App/DB/DB.php at 151
2020-11-10 01:18:20- Code: 0- Msg:  ,  with: 'Set @full_error = ''' in /var/www/html/NBack/App/DB/DB.php at 151
2020-11-10 01:18:45- Code: 0- Msg:  ,  with: 'Set @full_error = ''' in /var/www/html/NBack/App/DB/DB.php at 150
2020-11-10 01:20:07- Code: 0- Msg:  , ERROR 1054 (42S22): Unknown column 'iResult' in 'field list' with: 'CALL exportSession(:userId, :ip, :level, :correctHit, :wrongHit, :sessionLength, :gameMode, :wrongSessions)' in /var/www/html/NBack/App/DB/DB.php at 150
2021-02-20 11:15:13 - could not find driver in /var/www/html/app/services/DB.php at 197
2021-02-20 11:17:51 - could not find driver in /var/www/html/app/services/DB.php at 197
